[2m3:25:00 PM[22m [33m[1m[vite][22m[39m [33mwarning: [33mThe character "}" is not valid inside a JSX element[33m
1617|            </div>
1618|  
1619|        })()}
   |            ^
1620|  
1621|          {/* Nút điều khiển */}
[39m
  Plugin: [35mvite:esbuild[39m
  File: [36mD:/learnPronunciation/src/App.jsx[39m
[2m3:26:43 PM[22m [33m[1m[vite][22m[39m [33mwarning: [33mThe character "}" is not valid inside a JSX element[33m
1617|            </div>
1618|  
1619|        })()}
   |            ^
1620|  
1621|          {/* Nút điều khiển */}
[39m
  Plugin: [35mvite:esbuild[39m
  File: [36mD:/learnPronunciation/src/App.jsx[39m
